28-Dec-2019 15:43:20.467 INFO [main] org.apache.catalina.startup.VersionLoggerListener.log 서버 버전 이름:        Apache Tomcat/8.5.50
28-Dec-2019 15:43:20.471 INFO [main] org.apache.catalina.startup.VersionLoggerListener.log Server 빌드 시각:          Dec 7 2019 19:19:46 UTC
28-Dec-2019 15:43:20.471 INFO [main] org.apache.catalina.startup.VersionLoggerListener.log Server 버전 번호:         8.5.50.0
28-Dec-2019 15:43:20.471 INFO [main] org.apache.catalina.startup.VersionLoggerListener.log 운영체제 이름:               Mac OS X
28-Dec-2019 15:43:20.471 INFO [main] org.apache.catalina.startup.VersionLoggerListener.log 운영체제 버전:            10.15.1
28-Dec-2019 15:43:20.471 INFO [main] org.apache.catalina.startup.VersionLoggerListener.log 아키텍처:          x86_64
28-Dec-2019 15:43:20.472 INFO [main] org.apache.catalina.startup.VersionLoggerListener.log 자바 홈:             /Library/Java/JavaVirtualMachines/jdk-12.0.1.jdk/Contents/Home
28-Dec-2019 15:43:20.472 INFO [main] org.apache.catalina.startup.VersionLoggerListener.log JVM 버전:           12.0.1+12
28-Dec-2019 15:43:20.472 INFO [main] org.apache.catalina.startup.VersionLoggerListener.log JVM 벤더:            Oracle Corporation
28-Dec-2019 15:43:20.472 INFO [main] org.apache.catalina.startup.VersionLoggerListener.log CATALINA_BASE:         /Users/yunseowon/Documents/MyProjects/NHN-pre-assignment/apache-tomcat-8.5.50
28-Dec-2019 15:43:20.472 INFO [main] org.apache.catalina.startup.VersionLoggerListener.log CATALINA_HOME:         /Users/yunseowon/Documents/MyProjects/NHN-pre-assignment/apache-tomcat-8.5.50
28-Dec-2019 15:43:20.474 INFO [main] org.apache.catalina.startup.VersionLoggerListener.log 명령 행 아규먼트: --add-opens=java.base/java.lang=ALL-UNNAMED
28-Dec-2019 15:43:20.474 INFO [main] org.apache.catalina.startup.VersionLoggerListener.log 명령 행 아규먼트: --add-opens=java.base/java.io=ALL-UNNAMED
28-Dec-2019 15:43:20.474 INFO [main] org.apache.catalina.startup.VersionLoggerListener.log 명령 행 아규먼트: --add-opens=java.rmi/sun.rmi.transport=ALL-UNNAMED
28-Dec-2019 15:43:20.475 INFO [main] org.apache.catalina.startup.VersionLoggerListener.log 명령 행 아규먼트: -Djava.util.logging.config.file=/Users/yunseowon/Documents/MyProjects/NHN-pre-assignment/apache-tomcat-8.5.50/conf/logging.properties
28-Dec-2019 15:43:20.475 INFO [main] org.apache.catalina.startup.VersionLoggerListener.log 명령 행 아규먼트: -Djava.util.logging.manager=org.apache.juli.ClassLoaderLogManager
28-Dec-2019 15:43:20.475 INFO [main] org.apache.catalina.startup.VersionLoggerListener.log 명령 행 아규먼트: -Djdk.tls.ephemeralDHKeySize=2048
28-Dec-2019 15:43:20.475 INFO [main] org.apache.catalina.startup.VersionLoggerListener.log 명령 행 아규먼트: -Djava.protocol.handler.pkgs=org.apache.catalina.webresources
28-Dec-2019 15:43:20.475 INFO [main] org.apache.catalina.startup.VersionLoggerListener.log 명령 행 아규먼트: -Dorg.apache.catalina.security.SecurityListener.UMASK=0027
28-Dec-2019 15:43:20.475 INFO [main] org.apache.catalina.startup.VersionLoggerListener.log 명령 행 아규먼트: -Dignore.endorsed.dirs=
28-Dec-2019 15:43:20.476 INFO [main] org.apache.catalina.startup.VersionLoggerListener.log 명령 행 아규먼트: -Dcatalina.base=/Users/yunseowon/Documents/MyProjects/NHN-pre-assignment/apache-tomcat-8.5.50
28-Dec-2019 15:43:20.476 INFO [main] org.apache.catalina.startup.VersionLoggerListener.log 명령 행 아규먼트: -Dcatalina.home=/Users/yunseowon/Documents/MyProjects/NHN-pre-assignment/apache-tomcat-8.5.50
28-Dec-2019 15:43:20.476 INFO [main] org.apache.catalina.startup.VersionLoggerListener.log 명령 행 아규먼트: -Djava.io.tmpdir=/Users/yunseowon/Documents/MyProjects/NHN-pre-assignment/apache-tomcat-8.5.50/temp
28-Dec-2019 15:43:20.476 INFO [main] org.apache.catalina.core.AprLifecycleListener.lifecycleEvent 프로덕션 환경들에서 최적의 성능을 제공하는, APR 기반 Apache Tomcat Native 라이브러리가, 다음 java.library.path에서 발견되지 않습니다: [/Users/yunseowon/Library/Java/Extensions:/Library/Java/Extensions:/Network/Library/Java/Extensions:/System/Library/Java/Extensions:/usr/lib/java:.]
28-Dec-2019 15:43:20.515 INFO [main] org.apache.coyote.AbstractProtocol.init 프로토콜 핸들러 ["http-nio-8080"]을(를) 초기화합니다.
28-Dec-2019 15:43:20.536 INFO [main] org.apache.tomcat.util.net.NioSelectorPool.getSharedSelector Using a shared selector for servlet write/read
28-Dec-2019 15:43:20.549 INFO [main] org.apache.coyote.AbstractProtocol.init 프로토콜 핸들러 ["ajp-nio-8009"]을(를) 초기화합니다.
28-Dec-2019 15:43:20.551 INFO [main] org.apache.tomcat.util.net.NioSelectorPool.getSharedSelector Using a shared selector for servlet write/read
28-Dec-2019 15:43:20.552 INFO [main] org.apache.catalina.startup.Catalina.load Initialization processed in 589 ms
28-Dec-2019 15:43:20.596 INFO [main] org.apache.catalina.core.StandardService.startInternal 서비스 [Catalina]을(를) 시작합니다.
28-Dec-2019 15:43:20.596 INFO [main] org.apache.catalina.core.StandardEngine.startInternal Starting Servlet Engine: Apache Tomcat/8.5.50
28-Dec-2019 15:43:20.618 INFO [localhost-startStop-1] org.apache.catalina.startup.HostConfig.deployWAR 웹 애플리케이션 아카이브 [/Users/yunseowon/Documents/MyProjects/NHN-pre-assignment/apache-tomcat-8.5.50/webapps/ROOT.war]을(를) 배치합니다.
28-Dec-2019 15:43:22.407 INFO [localhost-startStop-1] org.apache.jasper.servlet.TldScanner.scanJars 적어도 하나의 JAR가 TLD들을 찾기 위해 스캔되었으나 아무 것도 찾지 못했습니다. 스캔했으나 TLD가 없는 JAR들의 전체 목록을 보시려면, 로그 레벨을 디버그 레벨로 설정하십시오. 스캔 과정에서 불필요한 JAR들을 건너뛰면, 시스템 시작 시간과 JSP 컴파일 시간을 단축시킬 수 있습니다.
28-Dec-2019 15:43:24.962 INFO [localhost-startStop-1] org.apache.catalina.startup.HostConfig.deployWAR 웹 애플리케이션 아카이브 [/Users/yunseowon/Documents/MyProjects/NHN-pre-assignment/apache-tomcat-8.5.50/webapps/ROOT.war]의 배치가 [4,342] 밀리초에 완료되었습니다.
28-Dec-2019 15:43:24.964 INFO [localhost-startStop-1] org.apache.catalina.startup.HostConfig.deployDirectory 웹 애플리케이션 디렉토리 [/Users/yunseowon/Documents/MyProjects/NHN-pre-assignment/apache-tomcat-8.5.50/webapps/ROOT-temp]을(를) 배치합니다.
28-Dec-2019 15:43:24.991 INFO [localhost-startStop-1] org.apache.catalina.startup.HostConfig.deployDirectory 웹 애플리케이션 디렉토리 [/Users/yunseowon/Documents/MyProjects/NHN-pre-assignment/apache-tomcat-8.5.50/webapps/ROOT-temp]에 대한 배치가 [27] 밀리초에 완료되었습니다.
28-Dec-2019 15:43:24.992 INFO [localhost-startStop-1] org.apache.catalina.startup.HostConfig.deployDirectory 웹 애플리케이션 디렉토리 [/Users/yunseowon/Documents/MyProjects/NHN-pre-assignment/apache-tomcat-8.5.50/webapps/docs]을(를) 배치합니다.
28-Dec-2019 15:43:25.006 INFO [localhost-startStop-1] org.apache.catalina.startup.HostConfig.deployDirectory 웹 애플리케이션 디렉토리 [/Users/yunseowon/Documents/MyProjects/NHN-pre-assignment/apache-tomcat-8.5.50/webapps/docs]에 대한 배치가 [14] 밀리초에 완료되었습니다.
28-Dec-2019 15:43:25.006 INFO [localhost-startStop-1] org.apache.catalina.startup.HostConfig.deployDirectory 웹 애플리케이션 디렉토리 [/Users/yunseowon/Documents/MyProjects/NHN-pre-assignment/apache-tomcat-8.5.50/webapps/manager]을(를) 배치합니다.
28-Dec-2019 15:43:25.036 INFO [localhost-startStop-1] org.apache.catalina.startup.HostConfig.deployDirectory 웹 애플리케이션 디렉토리 [/Users/yunseowon/Documents/MyProjects/NHN-pre-assignment/apache-tomcat-8.5.50/webapps/manager]에 대한 배치가 [30] 밀리초에 완료되었습니다.
28-Dec-2019 15:43:25.036 INFO [localhost-startStop-1] org.apache.catalina.startup.HostConfig.deployDirectory 웹 애플리케이션 디렉토리 [/Users/yunseowon/Documents/MyProjects/NHN-pre-assignment/apache-tomcat-8.5.50/webapps/examples]을(를) 배치합니다.
28-Dec-2019 15:43:25.259 INFO [localhost-startStop-1] org.apache.catalina.startup.HostConfig.deployDirectory 웹 애플리케이션 디렉토리 [/Users/yunseowon/Documents/MyProjects/NHN-pre-assignment/apache-tomcat-8.5.50/webapps/examples]에 대한 배치가 [223] 밀리초에 완료되었습니다.
28-Dec-2019 15:43:25.259 INFO [localhost-startStop-1] org.apache.catalina.startup.HostConfig.deployDirectory 웹 애플리케이션 디렉토리 [/Users/yunseowon/Documents/MyProjects/NHN-pre-assignment/apache-tomcat-8.5.50/webapps/host-manager]을(를) 배치합니다.
28-Dec-2019 15:43:25.287 INFO [localhost-startStop-1] org.apache.catalina.startup.HostConfig.deployDirectory 웹 애플리케이션 디렉토리 [/Users/yunseowon/Documents/MyProjects/NHN-pre-assignment/apache-tomcat-8.5.50/webapps/host-manager]에 대한 배치가 [28] 밀리초에 완료되었습니다.
28-Dec-2019 15:43:25.291 INFO [main] org.apache.coyote.AbstractProtocol.start 프로토콜 핸들러 ["http-nio-8080"]을(를) 시작합니다.
28-Dec-2019 15:43:25.301 INFO [main] org.apache.coyote.AbstractProtocol.start 프로토콜 핸들러 ["ajp-nio-8009"]을(를) 시작합니다.
28-Dec-2019 15:43:25.303 INFO [main] org.apache.catalina.startup.Catalina.start Server startup in 4750 ms
28-Dec-2019 15:49:41.142 INFO [main] org.apache.catalina.core.StandardServer.await 셧다운 포트를 통해 유효한 셧다운 명령을 받았습니다. 서버 인스턴스를 중지시킵니다.
28-Dec-2019 15:49:41.147 INFO [main] org.apache.coyote.AbstractProtocol.pause 프로토콜 핸들러 ["http-nio-8080"]을(를) 일시 정지 중
28-Dec-2019 15:49:41.160 INFO [main] org.apache.coyote.AbstractProtocol.pause 프로토콜 핸들러 ["ajp-nio-8009"]을(를) 일시 정지 중
28-Dec-2019 15:49:41.167 INFO [main] org.apache.catalina.core.StandardService.stopInternal 서비스 [Catalina]을(를) 중지시킵니다.
28-Dec-2019 15:49:41.337 WARNING [localhost-startStop-2] org.apache.catalina.loader.WebappClassLoaderBase.clearReferencesJdbc 웹 애플리케이션 [ROOT]이(가) JDBC 드라이버 [com.mysql.cj.jdbc.Driver]을(를) 등록했지만, 웹 애플리케이션이 중지될 때, 해당 JDBC 드라이버의 등록을 제거하지 못했습니다. 메모리 누수를 방지하기 위하여, 등록을 강제로 제거했습니다.
28-Dec-2019 15:49:41.342 WARNING [localhost-startStop-2] org.apache.catalina.loader.WebappClassLoaderBase.clearReferencesThreads 웹 애플리케이션 [ROOT]이(가) [mysql-cj-abandoned-connection-cleanup](이)라는 이름의 쓰레드를 시작시킨 것으로 보이지만, 해당 쓰레드를 중지시키지 못했습니다. 이는 메모리 누수를 유발할 가능성이 큽니다. 해당 쓰레드의 스택 트레이스:
 java.base@12.0.1/java.lang.Object.wait(Native Method)
 java.base@12.0.1/java.lang.ref.ReferenceQueue.remove(ReferenceQueue.java:155)
 com.mysql.cj.jdbc.AbandonedConnectionCleanupThread.run(AbandonedConnectionCleanupThread.java:85)
 java.base@12.0.1/java.util.concurrent.ThreadPoolExecutor.runWorker(ThreadPoolExecutor.java:1128)
 java.base@12.0.1/java.util.concurrent.ThreadPoolExecutor$Worker.run(ThreadPoolExecutor.java:628)
 java.base@12.0.1/java.lang.Thread.run(Thread.java:835)
28-Dec-2019 15:49:41.430 INFO [main] org.apache.coyote.AbstractProtocol.stop 프로토콜 핸들러 ["http-nio-8080"]을(를) 중지시킵니다.
28-Dec-2019 15:49:41.434 INFO [main] org.apache.coyote.AbstractProtocol.stop 프로토콜 핸들러 ["ajp-nio-8009"]을(를) 중지시킵니다.
28-Dec-2019 15:49:41.437 INFO [main] org.apache.coyote.AbstractProtocol.destroy 프로토콜 핸들러 ["http-nio-8080"]을(를) 소멸시킵니다.
28-Dec-2019 15:49:41.439 INFO [main] org.apache.coyote.AbstractProtocol.destroy 프로토콜 핸들러 ["ajp-nio-8009"]을(를) 소멸시킵니다.
